<?xml version="1.0" encoding="UTF-8"?>
<testsuite xmlns:xsi="http://www.w3.org/2001/XMLSchema-instance" xsi:noNamespaceSchemaLocation="https://maven.apache.org/surefire/maven-surefire-plugin/xsd/surefire-test-report-3.0.xsd" version="3.0" name="de.freerider.application.FreeriderApplicationTest" time="1.055" tests="3" errors="0" skipped="0" failures="0">
  <properties>
[...]
</properties>
  <testcase name="test_100" classname="de.freerider.application.FreeriderApplicationTest" time="0.439">
    <system-out><![CDATA[12:53:59,569 |-WARN in Logger[org.springframework.core.env.PropertySourcesPropertyResolver] - No appenders present in context [default] for logger [org.springframework.core.env.PropertySourcesPropertyResolver].
12:53:59,572 |-INFO in ch.qos.logback.core.joran.util.ConfigurationWatchListUtil@13cda7c9 - Adding [jar:file:/Users/andy/.m2/repository/org/springframework/boot/spring-boot/3.1.0/spring-boot-3.1.0.jar!/org/springframework/boot/logging/logback/base.xml] to configuration watch list.
12:53:59,572 |-INFO in ch.qos.logback.core.joran.spi.ConfigurationWatchList@5aa6202e - URL [jar:file:/Users/andy/.m2/repository/org/springframework/boot/spring-boot/3.1.0/spring-boot-3.1.0.jar!/org/springframework/boot/logging/logback/base.xml] is not of type file
12:53:59,573 |-INFO in ch.qos.logback.core.joran.util.ConfigurationWatchListUtil@13cda7c9 - Adding [jar:file:/Users/andy/.m2/repository/org/springframework/boot/spring-boot/3.1.0/spring-boot-3.1.0.jar!/org/springframework/boot/logging/logback/defaults.xml] to configuration watch list.
12:53:59,573 |-INFO in ch.qos.logback.core.joran.spi.ConfigurationWatchList@5aa6202e - URL [jar:file:/Users/andy/.m2/repository/org/springframework/boot/spring-boot/3.1.0/spring-boot-3.1.0.jar!/org/springframework/boot/logging/logback/defaults.xml] is not of type file
12:53:59,575 |-INFO in ch.qos.logback.core.joran.action.ConversionRuleAction - registering conversion word clr with class [org.springframework.boot.logging.logback.ColorConverter]
12:53:59,575 |-INFO in ch.qos.logback.core.joran.action.ConversionRuleAction - registering conversion word wex with class [org.springframework.boot.logging.logback.WhitespaceThrowableProxyConverter]
12:53:59,575 |-INFO in ch.qos.logback.core.joran.action.ConversionRuleAction - registering conversion word wEx with class [org.springframework.boot.logging.logback.ExtendedWhitespaceThrowableProxyConverter]
12:53:59,575 |-INFO in ch.qos.logback.core.joran.util.ConfigurationWatchListUtil@13cda7c9 - Adding [jar:file:/Users/andy/.m2/repository/org/springframework/boot/spring-boot/3.1.0/spring-boot-3.1.0.jar!/org/springframework/boot/logging/logback/console-appender.xml] to configuration watch list.
12:53:59,576 |-INFO in ch.qos.logback.core.joran.spi.ConfigurationWatchList@5aa6202e - URL [jar:file:/Users/andy/.m2/repository/org/springframework/boot/spring-boot/3.1.0/spring-boot-3.1.0.jar!/org/springframework/boot/logging/logback/console-appender.xml] is not of type file
12:53:59,577 |-INFO in ch.qos.logback.core.joran.util.ConfigurationWatchListUtil@13cda7c9 - Adding [jar:file:/Users/andy/.m2/repository/org/springframework/boot/spring-boot/3.1.0/spring-boot-3.1.0.jar!/org/springframework/boot/logging/logback/file-appender.xml] to configuration watch list.
12:53:59,577 |-INFO in ch.qos.logback.core.joran.spi.ConfigurationWatchList@5aa6202e - URL [jar:file:/Users/andy/.m2/repository/org/springframework/boot/spring-boot/3.1.0/spring-boot-3.1.0.jar!/org/springframework/boot/logging/logback/file-appender.xml] is not of type file
12:53:59,579 |-INFO in ch.qos.logback.classic.model.processor.LoggerModelHandler - Setting level of logger [org.apache.catalina.startup.DigesterFactory] to ERROR
12:53:59,579 |-INFO in ch.qos.logback.classic.jul.LevelChangePropagator@3af9aa66 - Propagating ERROR level on Logger[org.apache.catalina.startup.DigesterFactory] onto the JUL framework
12:53:59,579 |-INFO in ch.qos.logback.classic.model.processor.LoggerModelHandler - Setting level of logger [org.apache.catalina.util.LifecycleBase] to ERROR
12:53:59,579 |-INFO in ch.qos.logback.classic.jul.LevelChangePropagator@3af9aa66 - Propagating ERROR level on Logger[org.apache.catalina.util.LifecycleBase] onto the JUL framework
12:53:59,579 |-INFO in ch.qos.logback.classic.model.processor.LoggerModelHandler - Setting level of logger [org.apache.coyote.http11.Http11NioProtocol] to WARN
12:53:59,579 |-INFO in ch.qos.logback.classic.jul.LevelChangePropagator@3af9aa66 - Propagating WARN level on Logger[org.apache.coyote.http11.Http11NioProtocol] onto the JUL framework
12:53:59,579 |-INFO in ch.qos.logback.classic.model.processor.LoggerModelHandler - Setting level of logger [org.apache.sshd.common.util.SecurityUtils] to WARN
12:53:59,579 |-INFO in ch.qos.logback.classic.jul.LevelChangePropagator@3af9aa66 - Propagating WARN level on Logger[org.apache.sshd.common.util.SecurityUtils] onto the JUL framework
12:53:59,579 |-INFO in ch.qos.logback.classic.model.processor.LoggerModelHandler - Setting level of logger [org.apache.tomcat.util.net.NioSelectorPool] to WARN
12:53:59,579 |-INFO in ch.qos.logback.classic.jul.LevelChangePropagator@3af9aa66 - Propagating WARN level on Logger[org.apache.tomcat.util.net.NioSelectorPool] onto the JUL framework
12:53:59,580 |-INFO in ch.qos.logback.classic.model.processor.LoggerModelHandler - Setting level of logger [org.eclipse.jetty.util.component.AbstractLifeCycle] to ERROR
12:53:59,580 |-INFO in ch.qos.logback.classic.jul.LevelChangePropagator@3af9aa66 - Propagating ERROR level on Logger[org.eclipse.jetty.util.component.AbstractLifeCycle] onto the JUL framework
12:53:59,580 |-INFO in ch.qos.logback.classic.model.processor.LoggerModelHandler - Setting level of logger [org.hibernate.validator.internal.util.Version] to WARN
12:53:59,580 |-INFO in ch.qos.logback.classic.jul.LevelChangePropagator@3af9aa66 - Propagating WARN level on Logger[org.hibernate.validator.internal.util.Version] onto the JUL framework
12:53:59,580 |-INFO in ch.qos.logback.classic.model.processor.LoggerModelHandler - Setting level of logger [org.springframework.boot.actuate.endpoint.jmx] to WARN
12:53:59,580 |-INFO in ch.qos.logback.classic.jul.LevelChangePropagator@3af9aa66 - Propagating WARN level on Logger[org.springframework.boot.actuate.endpoint.jmx] onto the JUL framework
12:53:59,580 |-INFO in ch.qos.logback.core.model.processor.AppenderModelHandler - Processing appender named [CONSOLE]
12:53:59,580 |-INFO in ch.qos.logback.core.model.processor.AppenderModelHandler - About to instantiate appender of type [ch.qos.logback.core.ConsoleAppender]
12:53:59,580 |-INFO in ch.qos.logback.core.model.processor.ImplicitModelHandler - Assuming default type [ch.qos.logback.classic.encoder.PatternLayoutEncoder] for [encoder] property
12:53:59,580 |-INFO in ch.qos.logback.core.model.processor.AppenderModelHandler - Processing appender named [FILE]
12:53:59,580 |-INFO in ch.qos.logback.core.model.processor.AppenderModelHandler - About to instantiate appender of type [ch.qos.logback.core.rolling.RollingFileAppender]
12:53:59,580 |-INFO in ch.qos.logback.core.model.processor.ImplicitModelHandler - Assuming default type [ch.qos.logback.classic.encoder.PatternLayoutEncoder] for [encoder] property
12:53:59,581 |-INFO in c.q.l.core.rolling.SizeAndTimeBasedRollingPolicy@1997625595 - setting totalSizeCap to 0 Bytes
12:53:59,581 |-INFO in c.q.l.core.rolling.SizeAndTimeBasedRollingPolicy@1997625595 - Archive files will be limited to [10 MB] each.
12:53:59,581 |-INFO in c.q.l.core.rolling.SizeAndTimeBasedRollingPolicy@1997625595 - Will use gz compression
12:53:59,581 |-INFO in c.q.l.core.rolling.SizeAndTimeBasedRollingPolicy@1997625595 - Will use the pattern /var/folders/0c/hbw554x16sg2yntvvk7_p8wr0000gn/T//spring.log.%d{yyyy-MM-dd}.%i for the active file
12:53:59,581 |-INFO in ch.qos.logback.core.rolling.SizeAndTimeBasedFNATP@91c4a3f - The date pattern is 'yyyy-MM-dd' from file name pattern '/var/folders/0c/hbw554x16sg2yntvvk7_p8wr0000gn/T//spring.log.%d{yyyy-MM-dd}.%i.gz'.
12:53:59,581 |-INFO in ch.qos.logback.core.rolling.SizeAndTimeBasedFNATP@91c4a3f - Roll-over at midnight.
12:53:59,582 |-INFO in ch.qos.logback.core.rolling.SizeAndTimeBasedFNATP@91c4a3f - Setting initial period to 2023-06-04T10:53:17.700Z
12:53:59,582 |-INFO in ch.qos.logback.core.rolling.RollingFileAppender[FILE] - Active log file name: /var/folders/0c/hbw554x16sg2yntvvk7_p8wr0000gn/T//spring.log
12:53:59,582 |-INFO in ch.qos.logback.core.rolling.RollingFileAppender[FILE] - File property is set to [/var/folders/0c/hbw554x16sg2yntvvk7_p8wr0000gn/T//spring.log]
12:53:59,582 |-INFO in ch.qos.logback.classic.model.processor.RootLoggerModelHandler - Setting level of ROOT logger to INFO
12:53:59,582 |-INFO in ch.qos.logback.classic.jul.LevelChangePropagator@3af9aa66 - Propagating INFO level on Logger[ROOT] onto the JUL framework
12:53:59,582 |-INFO in ch.qos.logback.core.model.processor.AppenderRefModelHandler - Attaching appender named [CONSOLE] to Logger[ROOT]
12:53:59,582 |-INFO in ch.qos.logback.core.model.processor.AppenderRefModelHandler - Attaching appender named [FILE] to Logger[ROOT]
12:53:59,582 |-INFO in ch.qos.logback.classic.model.processor.LoggerModelHandler - Setting level of logger [org.springframework] to OFF
12:53:59,582 |-INFO in ch.qos.logback.classic.jul.LevelChangePropagator@3af9aa66 - Propagating OFF level on Logger[org.springframework] onto the JUL framework
12:53:59,583 |-INFO in ch.qos.logback.core.model.processor.DefaultProcessor@62d0ac62 - End of configuration.
12:53:59,583 |-INFO in org.springframework.boot.logging.logback.SpringBootJoranConfigurator@150d80c4 - Registering current configuration as safe fallback point


  .   ____          _            __ _ _
 /\\ / ___'_ __ _ _(_)_ __  __ _ \ \ \ \
( ( )\___ | '_ | '_| | '_ \/ _` | \ \ \ \
 \\/  ___)| |_)| | | | | || (_| |  ) ) ) )
  '  |____| .__|_| |_|_| |_\__, | / / / /
 =========|_|==============|___/=/_/_/_/
 :: Spring Boot ::                (v3.1.0)

Starting FreeriderApplicationTest using Java 20.0.1 with PID 39586 (started by andy in /Users/andy/Desktop/Beuth uni/Beuth Fachrichtungen/Software Engineering 2/se2-freerider)
No active profile set, falling back to 1 default profile: "default"

(1.) FreeriderApplication instance created.
Started FreeriderApplicationTest in 0.343 seconds (process running for 0.85)

(2.) Spring Container ready.
Hello FreeriderApplication!
performing test: test_100()
]]></system-out>
  </testcase>
  <testcase name="test_200" classname="de.freerider.application.FreeriderApplicationTest" time="0.001">
    <system-out><![CDATA[performing test: test_200()
]]></system-out>
  </testcase>
  <testcase name="test_300" classname="de.freerider.application.FreeriderApplicationTest" time="0.001">
    <system-out><![CDATA[performing test: test_300()
]]></system-out>
  </testcase>
</testsuite>